# JRE version: OpenJDK Runtime Environment Temurin-21.0.10+7 (21.0.10+7) (build 21.0.10+7-LTS)
# Java VM: OpenJDK 64-Bit Server VM Temurin-21.0.10+7 (21.0.10+7-LTS, mixed mode, sharing, tiered, compressed oops, compressed class ptrs, parallel gc, windows-amd64)
GC Precious Log:
 CardTable entry size: 512
 CPUs: 16 total, 16 available
 Memory: 16076M
 Large Page Support: Disabled
 NUMA Support: Disabled
 Compressed Oops: Enabled (32-bit)
 Alignments: Space 512K, Generation 512K, Heap 2M
 Heap Min Capacity: 100M
 Heap Initial Capacity: 100M
 Heap Max Capacity: 2G
 Pre-touch: Disabled
 Parallel Workers: 13
Heap:
 PSYoungGen      total 22016K, used 20211K [0x00000000d5580000, 0x00000000d6f00000, 0x0000000100000000)
  eden space 20992K, 91% used [0x00000000d5580000,0x00000000d6841880,0x00000000d6a00000)
  from space 1024K, 98% used [0x00000000d6c00000,0x00000000d6cfb768,0x00000000d6d00000)
  to   space 2048K, 0% used [0x00000000d6d00000,0x00000000d6d00000,0x00000000d6f00000)
 ParOldGen       total 68608K, used 29175K [0x0000000080000000, 0x0000000084300000, 0x00000000d5580000)
  object space 68608K, 42% used [0x0000000080000000,0x0000000081c7dda0,0x0000000084300000)
 Metaspace       used 37926K, committed 38912K, reserved 1114112K
  class space    used 3792K, committed 4224K, reserved 1048576K
GC Heap History (20 events):
Event: 15.217 GC heap before
{Heap before GC invocations=12 (full 1):
 PSYoungGen      total 25088K, used 24814K [0x00000000d5580000, 0x00000000d7400000, 0x0000000100000000)
  eden space 22016K, 100% used [0x00000000d5580000,0x00000000d6b00000,0x00000000d6b00000)
  from space 3072K, 91% used [0x00000000d7100000,0x00000000d73bb848,0x00000000d7400000)
  to   space 3584K, 0% used [0x00000000d6d00000,0x00000000d6d00000,0x00000000d7080000)
 ParOldGen       total 68608K, used 13819K [0x0000000080000000, 0x0000000084300000, 0x00000000d5580000)
  object space 68608K, 20% used [0x0000000080000000,0x0000000080d7ef70,0x0000000084300000)
 Metaspace       used 32090K, committed 33088K, reserved 1114112K
  class space    used 3192K, committed 3648K, reserved 1048576K
}
Event: 15.225 GC heap after
{Heap after GC invocations=12 (full 1):
 PSYoungGen      total 24576K, used 2528K [0x00000000d5580000, 0x00000000d7180000, 0x0000000100000000)
  eden space 22016K, 0% used [0x00000000d5580000,0x00000000d5580000,0x00000000d6b00000)
  from space 2560K, 98% used [0x00000000d6d00000,0x00000000d6f78010,0x00000000d6f80000)
  to   space 2048K, 0% used [0x00000000d6f80000,0x00000000d6f80000,0x00000000d7180000)
 ParOldGen       total 68608K, used 16374K [0x0000000080000000, 0x0000000084300000, 0x00000000d5580000)
  object space 68608K, 23% used [0x0000000080000000,0x0000000080ffdb20,0x0000000084300000)
 Metaspace       used 32090K, committed 33088K, reserved 1114112K
  class space    used 3192K, committed 3648K, reserved 1048576K
}
Event: 15.404 GC heap before
{Heap before GC invocations=13 (full 1):
 PSYoungGen      total 24576K, used 24544K [0x00000000d5580000, 0x00000000d7180000, 0x0000000100000000)
  eden space 22016K, 100% used [0x00000000d5580000,0x00000000d6b00000,0x00000000d6b00000)
  from space 2560K, 98% used [0x00000000d6d00000,0x00000000d6f78010,0x00000000d6f80000)
  to   space 2048K, 0% used [0x00000000d6f80000,0x00000000d6f80000,0x00000000d7180000)
 ParOldGen       total 68608K, used 16374K [0x0000000080000000, 0x0000000084300000, 0x00000000d5580000)
  object space 68608K, 23% used [0x0000000080000000,0x0000000080ffdb20,0x0000000084300000)
 Metaspace       used 32468K, committed 33472K, reserved 1114112K
  class space    used 3248K, committed 3712K, reserved 1048576K
}
Event: 15.411 GC heap after
{Heap after GC invocations=13 (full 1):
 PSYoungGen      total 23040K, used 2033K [0x00000000d5580000, 0x00000000d7600000, 0x0000000100000000)
  eden space 20992K, 0% used [0x00000000d5580000,0x00000000d5580000,0x00000000d6a00000)
  from space 2048K, 99% used [0x00000000d6f80000,0x00000000d717c420,0x00000000d7180000)
  to   space 5632K, 0% used [0x00000000d6a00000,0x00000000d6a00000,0x00000000d6f80000)
 ParOldGen       total 68608K, used 19286K [0x0000000080000000, 0x0000000084300000, 0x00000000d5580000)
  object space 68608K, 28% used [0x0000000080000000,0x00000000812d5b20,0x0000000084300000)
 Metaspace       used 32468K, committed 33472K, reserved 1114112K
  class space    used 3248K, committed 3712K, reserved 1048576K
}
Event: 15.513 GC heap before
{Heap before GC invocations=14 (full 1):
 PSYoungGen      total 23040K, used 23025K [0x00000000d5580000, 0x00000000d7600000, 0x0000000100000000)
  eden space 20992K, 100% used [0x00000000d5580000,0x00000000d6a00000,0x00000000d6a00000)
  from space 2048K, 99% used [0x00000000d6f80000,0x00000000d717c420,0x00000000d7180000)
  to   space 5632K, 0% used [0x00000000d6a00000,0x00000000d6a00000,0x00000000d6f80000)
 ParOldGen       total 68608K, used 19286K [0x0000000080000000, 0x0000000084300000, 0x00000000d5580000)
  object space 68608K, 28% used [0x0000000080000000,0x00000000812d5b20,0x0000000084300000)
 Metaspace       used 32487K, committed 33472K, reserved 1114112K
  class space    used 3248K, committed 3712K, reserved 1048576K
}
Event: 15.519 GC heap after
{Heap after GC invocations=14 (full 1):
 PSYoungGen      total 24064K, used 2628K [0x00000000d5580000, 0x00000000d7100000, 0x0000000100000000)
  eden space 20992K, 0% used [0x00000000d5580000,0x00000000d5580000,0x00000000d6a00000)
  from space 3072K, 85% used [0x00000000d6a00000,0x00000000d6c91000,0x00000000d6d00000)
  to   space 3584K, 0% used [0x00000000d6d80000,0x00000000d6d80000,0x00000000d7100000)
 ParOldGen       total 68608K, used 21130K [0x0000000080000000, 0x0000000084300000, 0x00000000d5580000)
  object space 68608K, 30% used [0x0000000080000000,0x00000000814a2810,0x0000000084300000)
 Metaspace       used 32487K, committed 33472K, reserved 1114112K
  class space    used 3248K, committed 3712K, reserved 1048576K
}
Event: 15.648 GC heap before
{Heap before GC invocations=15 (full 1):
 PSYoungGen      total 24064K, used 23620K [0x00000000d5580000, 0x00000000d7100000, 0x0000000100000000)
  eden space 20992K, 100% used [0x00000000d5580000,0x00000000d6a00000,0x00000000d6a00000)
  from space 3072K, 85% used [0x00000000d6a00000,0x00000000d6c91000,0x00000000d6d00000)
  to   space 3584K, 0% used [0x00000000d6d80000,0x00000000d6d80000,0x00000000d7100000)
 ParOldGen       total 68608K, used 21130K [0x0000000080000000, 0x0000000084300000, 0x00000000d5580000)
  object space 68608K, 30% used [0x0000000080000000,0x00000000814a2810,0x0000000084300000)
 Metaspace       used 32507K, committed 33536K, reserved 1114112K
  class space    used 3249K, committed 3712K, reserved 1048576K
}
Event: 15.656 GC heap after
{Heap after GC invocations=15 (full 1):
 PSYoungGen      total 23552K, used 2208K [0x00000000d5580000, 0x00000000d7000000, 0x0000000100000000)
  eden space 20992K, 0% used [0x00000000d5580000,0x00000000d5580000,0x00000000d6a00000)
  from space 2560K, 86% used [0x00000000d6d80000,0x00000000d6fa8000,0x00000000d7000000)
  to   space 2560K, 0% used [0x00000000d6b00000,0x00000000d6b00000,0x00000000d6d80000)
 ParOldGen       total 68608K, used 23530K [0x0000000080000000, 0x0000000084300000, 0x00000000d5580000)
  object space 68608K, 34% used [0x0000000080000000,0x00000000816fa910,0x0000000084300000)
 Metaspace       used 32507K, committed 33536K, reserved 1114112K
  class space    used 3249K, committed 3712K, reserved 1048576K
}
Event: 16.182 GC heap before
{Heap before GC invocations=16 (full 1):
 PSYoungGen      total 23552K, used 23200K [0x00000000d5580000, 0x00000000d7000000, 0x0000000100000000)
  eden space 20992K, 100% used [0x00000000d5580000,0x00000000d6a00000,0x00000000d6a00000)
  from space 2560K, 86% used [0x00000000d6d80000,0x00000000d6fa8000,0x00000000d7000000)
  to   space 2560K, 0% used [0x00000000d6b00000,0x00000000d6b00000,0x00000000d6d80000)
 ParOldGen       total 68608K, used 23530K [0x0000000080000000, 0x0000000084300000, 0x00000000d5580000)
  object space 68608K, 34% used [0x0000000080000000,0x00000000816fa910,0x0000000084300000)
 Metaspace       used 32547K, committed 33600K, reserved 1114112K
  class space    used 3249K, committed 3712K, reserved 1048576K
}
Event: 16.191 GC heap after
{Heap after GC invocations=16 (full 1):
 PSYoungGen      total 23552K, used 2368K [0x00000000d5580000, 0x00000000d6f00000, 0x0000000100000000)
  eden space 20992K, 0% used [0x00000000d5580000,0x00000000d5580000,0x00000000d6a00000)
  from space 2560K, 92% used [0x00000000d6b00000,0x00000000d6d50010,0x00000000d6d80000)
  to   space 1536K, 0% used [0x00000000d6d80000,0x00000000d6d80000,0x00000000d6f00000)
 ParOldGen       total 68608K, used 25642K [0x0000000080000000, 0x0000000084300000, 0x00000000d5580000)
  object space 68608K, 37% used [0x0000000080000000,0x000000008190a910,0x0000000084300000)
 Metaspace       used 32547K, committed 33600K, reserved 1114112K
  class space    used 3249K, committed 3712K, reserved 1048576K
}
Event: 17.488 GC heap before
{Heap before GC invocations=17 (full 1):
 PSYoungGen      total 23552K, used 23360K [0x00000000d5580000, 0x00000000d6f00000, 0x0000000100000000)
  eden space 20992K, 100% used [0x00000000d5580000,0x00000000d6a00000,0x00000000d6a00000)
  from space 2560K, 92% used [0x00000000d6b00000,0x00000000d6d50010,0x00000000d6d80000)
  to   space 1536K, 0% used [0x00000000d6d80000,0x00000000d6d80000,0x00000000d6f00000)
 ParOldGen       total 68608K, used 25642K [0x0000000080000000, 0x0000000084300000, 0x00000000d5580000)
  object space 68608K, 37% used [0x0000000080000000,0x000000008190a910,0x0000000084300000)
 Metaspace       used 34404K, committed 35392K, reserved 1114112K
  class space    used 3480K, committed 3904K, reserved 1048576K
}
Event: 17.498 GC heap after
{Heap after GC invocations=17 (full 1):
 PSYoungGen      total 22528K, used 1464K [0x00000000d5580000, 0x00000000d6f00000, 0x0000000100000000)
  eden space 20992K, 0% used [0x00000000d5580000,0x00000000d5580000,0x00000000d6a00000)
  from space 1536K, 95% used [0x00000000d6d80000,0x00000000d6eee350,0x00000000d6f00000)
  to   space 2048K, 0% used [0x00000000d6b00000,0x00000000d6b00000,0x00000000d6d00000)
 ParOldGen       total 68608K, used 27898K [0x0000000080000000, 0x0000000084300000, 0x00000000d5580000)
  object space 68608K, 40% used [0x0000000080000000,0x0000000081b3eb20,0x0000000084300000)
 Metaspace       used 34404K, committed 35392K, reserved 1114112K
  class space    used 3480K, committed 3904K, reserved 1048576K
}
Event: 18.431 GC heap before
{Heap before GC invocations=18 (full 1):
 PSYoungGen      total 22528K, used 15619K [0x00000000d5580000, 0x00000000d6f00000, 0x0000000100000000)
  eden space 20992K, 67% used [0x00000000d5580000,0x00000000d63528b0,0x00000000d6a00000)
  from space 1536K, 95% used [0x00000000d6d80000,0x00000000d6eee350,0x00000000d6f00000)
  to   space 2048K, 0% used [0x00000000d6b00000,0x00000000d6b00000,0x00000000d6d00000)
 ParOldGen       total 68608K, used 27898K [0x0000000080000000, 0x0000000084300000, 0x00000000d5580000)
  object space 68608K, 40% used [0x0000000080000000,0x0000000081b3eb20,0x0000000084300000)
 Metaspace       used 34928K, committed 35840K, reserved 1114112K
  class space    used 3558K, committed 3968K, reserved 1048576K
}
Event: 18.436 GC heap after
{Heap after GC invocations=18 (full 1):
 PSYoungGen      total 23040K, used 384K [0x00000000d5580000, 0x00000000d6e00000, 0x0000000100000000)
  eden space 20992K, 0% used [0x00000000d5580000,0x00000000d5580000,0x00000000d6a00000)
  from space 2048K, 18% used [0x00000000d6b00000,0x00000000d6b60010,0x00000000d6d00000)
  to   space 1024K, 0% used [0x00000000d6d00000,0x00000000d6d00000,0x00000000d6e00000)
 ParOldGen       total 68608K, used 29233K [0x0000000080000000, 0x0000000084300000, 0x00000000d5580000)
  object space 68608K, 42% used [0x0000000080000000,0x0000000081c8c5d8,0x0000000084300000)
 Metaspace       used 34928K, committed 35840K, reserved 1114112K
  class space    used 3558K, committed 3968K, reserved 1048576K
}
Event: 18.436 GC heap before
{Heap before GC invocations=19 (full 2):
 PSYoungGen      total 23040K, used 384K [0x00000000d5580000, 0x00000000d6e00000, 0x0000000100000000)
  eden space 20992K, 0% used [0x00000000d5580000,0x00000000d5580000,0x00000000d6a00000)
  from space 2048K, 18% used [0x00000000d6b00000,0x00000000d6b60010,0x00000000d6d00000)
  to   space 1024K, 0% used [0x00000000d6d00000,0x00000000d6d00000,0x00000000d6e00000)
 ParOldGen       total 68608K, used 29233K [0x0000000080000000, 0x0000000084300000, 0x00000000d5580000)
  object space 68608K, 42% used [0x0000000080000000,0x0000000081c8c5d8,0x0000000084300000)
 Metaspace       used 34928K, committed 35840K, reserved 1114112K
  class space    used 3558K, committed 3968K, reserved 1048576K
}
Event: 18.563 GC heap after
{Heap after GC invocations=19 (full 2):
 PSYoungGen      total 23040K, used 0K [0x00000000d5580000, 0x00000000d6e00000, 0x0000000100000000)
  eden space 20992K, 0% used [0x00000000d5580000,0x00000000d5580000,0x00000000d6a00000)
  from space 2048K, 0% used [0x00000000d6b00000,0x00000000d6b00000,0x00000000d6d00000)
  to   space 1024K, 0% used [0x00000000d6d00000,0x00000000d6d00000,0x00000000d6e00000)
 ParOldGen       total 68608K, used 28267K [0x0000000080000000, 0x0000000084300000, 0x00000000d5580000)
  object space 68608K, 41% used [0x0000000080000000,0x0000000081b9ad68,0x0000000084300000)
 Metaspace       used 34928K, committed 35840K, reserved 1114112K
  class space    used 3558K, committed 3968K, reserved 1048576K
}
Event: 21.301 GC heap before
{Heap before GC invocations=20 (full 2):
 PSYoungGen      total 23040K, used 20992K [0x00000000d5580000, 0x00000000d6e00000, 0x0000000100000000)
  eden space 20992K, 100% used [0x00000000d5580000,0x00000000d6a00000,0x00000000d6a00000)
  from space 2048K, 0% used [0x00000000d6b00000,0x00000000d6b00000,0x00000000d6d00000)
  to   space 1024K, 0% used [0x00000000d6d00000,0x00000000d6d00000,0x00000000d6e00000)
 ParOldGen       total 68608K, used 28267K [0x0000000080000000, 0x0000000084300000, 0x00000000d5580000)
  object space 68608K, 41% used [0x0000000080000000,0x0000000081b9ad68,0x0000000084300000)
 Metaspace       used 37052K, committed 38080K, reserved 1114112K
  class space    used 3730K, committed 4160K, reserved 1048576K
}
Event: 21.304 GC heap after
{Heap after GC invocations=20 (full 2):
 PSYoungGen      total 22016K, used 608K [0x00000000d5580000, 0x00000000d6e00000, 0x0000000100000000)
  eden space 20992K, 0% used [0x00000000d5580000,0x00000000d5580000,0x00000000d6a00000)
  from space 1024K, 59% used [0x00000000d6d00000,0x00000000d6d98000,0x00000000d6e00000)
  to   space 1024K, 0% used [0x00000000d6c00000,0x00000000d6c00000,0x00000000d6d00000)
 ParOldGen       total 68608K, used 28275K [0x0000000080000000, 0x0000000084300000, 0x00000000d5580000)
  object space 68608K, 41% used [0x0000000080000000,0x0000000081b9cd68,0x0000000084300000)
 Metaspace       used 37052K, committed 38080K, reserved 1114112K
  class space    used 3730K, committed 4160K, reserved 1048576K
}
Event: 22.042 GC heap before
{Heap before GC invocations=21 (full 2):
 PSYoungGen      total 22016K, used 21600K [0x00000000d5580000, 0x00000000d6e00000, 0x0000000100000000)
  eden space 20992K, 100% used [0x00000000d5580000,0x00000000d6a00000,0x00000000d6a00000)
  from space 1024K, 59% used [0x00000000d6d00000,0x00000000d6d98000,0x00000000d6e00000)
  to   space 1024K, 0% used [0x00000000d6c00000,0x00000000d6c00000,0x00000000d6d00000)
 ParOldGen       total 68608K, used 28275K [0x0000000080000000, 0x0000000084300000, 0x00000000d5580000)
  object space 68608K, 41% used [0x0000000080000000,0x0000000081b9cd68,0x0000000084300000)
 Metaspace       used 37446K, committed 38464K, reserved 1114112K
  class space    used 3764K, committed 4224K, reserved 1048576K
}
Event: 22.050 GC heap after
{Heap after GC invocations=21 (full 2):
 PSYoungGen      total 22016K, used 1005K [0x00000000d5580000, 0x00000000d6f00000, 0x0000000100000000)
  eden space 20992K, 0% used [0x00000000d5580000,0x00000000d5580000,0x00000000d6a00000)
  from space 1024K, 98% used [0x00000000d6c00000,0x00000000d6cfb768,0x00000000d6d00000)
  to   space 2048K, 0% used [0x00000000d6d00000,0x00000000d6d00000,0x00000000d6f00000)
 ParOldGen       total 68608K, used 29175K [0x0000000080000000, 0x0000000084300000, 0x00000000d5580000)
  object space 68608K, 42% used [0x0000000080000000,0x0000000081c7dda0,0x0000000084300000)
 Metaspace       used 37446K, committed 38464K, reserved 1114112K
  class space    used 3764K, committed 4224K, reserved 1048576K
}

